<?xml version="1.0" encoding="UTF-8"?>
<testng-results ignored="0" total="2" passed="2" failed="0" skipped="0">
  <reporter-output>
  </reporter-output>
  <suite started-at="2021-09-20T09:00:59Z" name="Suite" finished-at="2021-09-20T09:01:09Z" duration-ms="9411">
    <groups>
    </groups>
    <test started-at="2021-09-20T09:00:59Z" name="TestChrome" finished-at="2021-09-20T09:01:03Z" duration-ms="3430">
      <class name="SeleniumDockerDemo.GoogleTestChrome">
        <test-method signature="googleTitleTest()[pri:0, instance:SeleniumDockerDemo.GoogleTestChrome@687e99d8]" started-at="2021-09-20T09:00:59Z" name="googleTitleTest" finished-at="2021-09-20T09:01:03Z" duration-ms="3392" status="PASS">
          <reporter-output>
          </reporter-output>
        </test-method> <!-- googleTitleTest -->
      </class> <!-- SeleniumDockerDemo.GoogleTestChrome -->
    </test> <!-- TestChrome -->
    <test started-at="2021-09-20T09:00:59Z" name="TestFirefox" finished-at="2021-09-20T09:01:09Z" duration-ms="9411">
      <class name="SeleniumDockerDemo.GoogleTestFirefox">
        <test-method signature="googleTitleTest()[pri:0, instance:SeleniumDockerDemo.GoogleTestFirefox@2118cddf]" started-at="2021-09-20T09:00:59Z" name="googleTitleTest" finished-at="2021-09-20T09:01:09Z" duration-ms="9381" status="PASS">
          <reporter-output>
          </reporter-output>
        </test-method> <!-- googleTitleTest -->
      </class> <!-- SeleniumDockerDemo.GoogleTestFirefox -->
    </test> <!-- TestFirefox -->
  </suite> <!-- Suite -->
</testng-results>
